#
# There is insufficient memory for the Java Runtime Environment to continue.
# Native memory allocation (mmap) failed to map 132120576 bytes for G1 virtual space
# Possible reasons:
#   The system is out of physical RAM or swap space
#   The process is running with CompressedOops enabled, and the Java Heap may be blocking the growth of the native heap
# Possible solutions:
#   Reduce memory load on the system
#   Increase physical memory or swap space
#   Check if swap backing store is full
#   Decrease Java heap size (-Xmx/-Xms)
#   Decrease number of Java threads
#   Decrease Java thread stack sizes (-Xss)
#   Set larger code cache with -XX:ReservedCodeCacheSize=
#   JVM is running with Unscaled Compressed Oops mode in which the Java heap is
#     placed in the first 4GB address space. The Java Heap base address is the
#     maximum limit for the native heap growth. Please use -XX:HeapBaseMinAddress
#     to set the Java Heap base and to place the Java Heap above 4GB virtual address.
# This output file may be truncated or incomplete.
#
#  Out of Memory Error (os_windows.cpp:3771), pid=15292, tid=56824
#
# JRE version:  (17.0.7) (build )
# Java VM: OpenJDK 64-Bit Server VM (17.0.7+0-b2043.56-10550314, mixed mode, sharing, tiered, compressed oops, compressed class ptrs, g1 gc, windows-amd64)
# No core dump will be written. Minidumps are not enabled by default on client versions of Windows
#

---------------  S U M M A R Y ------------

Command Line: org.jetbrains.kotlin.cli.jvm.K2JVMCompiler @C:\Users\paige\Part2poe\app\build\20240530_4035564887812032300.compiler.options

Host: Intel(R) Core(TM) i7-8565U CPU @ 1.80GHz, 8 cores, 7G,  Windows 11 , 64 bit Build 22621 (10.0.22621.3527)
Time: Thu May 30 15:28:06 2024 South Africa Standard Time elapsed time: 0.020303 seconds (0d 0h 0m 0s)

---------------  T H R E A D  ---------------

Current thread (0x00000194088e7bd0):  JavaThread "Unknown thread" [_thread_in_vm, id=56824, stack(0x0000003386000000,0x0000003386100000)]

Stack: [0x0000003386000000,0x0000003386100000]
Native frames: (J=compiled Java code, j=interpreted, Vv=VM code, C=native code)
V  [jvm.dll+0x683bfa]
V  [jvm.dll+0x8430a4]
V  [jvm.dll+0x8449be]
V  [jvm.dll+0x845023]
V  [jvm.dll+0x24ad2f]
V  [jvm.dll+0x680ac9]
V  [jvm.dll+0x67519a]
V  [jvm.dll+0x30b3cb]
V  [jvm.dll+0x312876]
V  [jvm.dll+0x36221e]
V  [jvm.dll+0x36244f]
V  [jvm.dll+0x2e14a8]
V  [jvm.dll+0x2e2414]
V  [jvm.dll+0x814391]
V  [jvm.dll+0x36ffe1]
V  [jvm.dll+0x7f396c]
V  [jvm.dll+0x3f305f]
V  [jvm.dll+0x3f4b91]
C  [jli.dll+0x528f]
C  [ucrtbase.dll+0x29333]
C  [KERNEL32.DLL+0x1257d]
C  [ntdll.dll+0x5aa48]


---------------  P R O C E S S  ---------------

Threads class SMR info:
_java_thread_list=0x00007ff805c8d098, length=0, elements={
}

Java Threads: ( => current thread )

Other Threads:
  0x00000194089408f0 GCTaskThread "GC Thread#0" [stack: 0x0000003386100000,0x0000003386200000] [id=35912]
  0x0000019408951390 ConcurrentGCThread "G1 Main Marker" [stack: 0x0000003386200000,0x0000003386300000] [id=13800]
  0x0000019408952450 ConcurrentGCThread "G1 Conc#0" [stack: 0x0000003386300000,0x0000003386400000] [id=53824]

[error occurred during error reporting (printing all threads), id 0xc0000005, EXCEPTION_ACCESS_VIOLATION (0xc0000005) at pc=0x00007ff805442087]

VM state: not at safepoint (not fully initialized)

VM Mutex/Monitor currently owned by a thread:  ([mutex/lock_event])
[0x00000194088e3ee0] Heap_lock - owner thread: 0x00000194088e7bd0

Heap address: 0x0000000082400000, size: 2012 MB, Compressed Oops mode: 32-bit

CDS archive(s) mapped at: [0x0000000000000000-0x0000000000000000-0x0000000000000000), size 0, SharedBaseAddress: 0x0000000800000000, ArchiveRelocationMode: 0.
Narrow klass base: 0x0000000000000000, Narrow klass shift: 0, Narrow klass range: 0x0

GC Precious Log:
<Empty>

Heap:
 garbage-first heap   total 0K, used 0K [0x0000000082400000, 0x0000000100000000)
  region size 1024K, 0 young (0K), 0 survivors (0K)
 Metaspace       used 0K, committed 0K, reserved 0K
  class space    used 0K, committed 0K, reserved 0K

Heap Regions: E=young(eden), S=young(survivor), O=old, HS=humongous(starts), HC=humongous(continues), CS=collection set, F=free, OA=open archive, CA=closed archive, TAMS=top-at-mark-start (previous, next)

Card table byte_map: [0x000001941b4d0000,0x000001941b8c0000] _byte_map_base: 0x000001941b0be000

Marking Bits (Prev, Next): (CMBitMap*) 0x0000019408940e10, (CMBitMap*) 0x0000019408940e50
 Prev Bits: [0x000001941bcb0000, 0x000001941dc20000)
 Next Bits: [0x000001941dc20000, 0x000001941fb90000)

GC Heap History (0 events):
No events

Dll operation events (1 events):
Event: 0.014 Loaded shared library C:\Program Files\Android\Android Studio1\jbr\bin\java.dll

Deoptimization events (0 events):
No events

Classes unloaded (0 events):
No events

Classes redefined (0 events):
No events

Internal exceptions (0 events):
No events

VM Operations (0 events):
No events

Events (0 events):
No events


Dynamic libraries:
0x00007ff70ea60000 - 0x00007ff70ea6a000 	C:\Program Files\Android\Android Studio1\jbr\bin\java.exe
0x00007ff8960f0000 - 0x00007ff896307000 	C:\WINDOWS\SYSTEM32\ntdll.dll
0x00007ff890280000 - 0x00007ff890299000 	C:\Program Files\AVG\Antivirus\aswhook.dll
0x00007ff8946e0000 - 0x00007ff8947a4000 	C:\WINDOWS\System32\KERNEL32.DLL
0x00007ff893640000 - 0x00007ff8939e7000 	C:\WINDOWS\System32\KERNELBASE.dll
0x00007ff8939f0000 - 0x00007ff893b01000 	C:\WINDOWS\System32\ucrtbase.dll
0x00007ff88a340000 - 0x00007ff88a357000 	C:\Program Files\Android\Android Studio1\jbr\bin\jli.dll
0x00007ff88a290000 - 0x00007ff88a2ab000 	C:\Program Files\Android\Android Studio1\jbr\bin\VCRUNTIME140.dll
0x00007ff893ed0000 - 0x00007ff89407e000 	C:\WINDOWS\System32\USER32.dll
0x00007ff893500000 - 0x00007ff893526000 	C:\WINDOWS\System32\win32u.dll
0x00007ff8865f0000 - 0x00007ff886883000 	C:\WINDOWS\WinSxS\amd64_microsoft.windows.common-controls_6595b64144ccf1df_6.0.22621.3527_none_270e469b73872a76\COMCTL32.dll
0x00007ff894f50000 - 0x00007ff894f79000 	C:\WINDOWS\System32\GDI32.dll
0x00007ff893b10000 - 0x00007ff893c29000 	C:\WINDOWS\System32\gdi32full.dll
0x00007ff893e20000 - 0x00007ff893ec7000 	C:\WINDOWS\System32\msvcrt.dll
0x00007ff8935a0000 - 0x00007ff89363a000 	C:\WINDOWS\System32\msvcp_win.dll
0x00007ff894080000 - 0x00007ff8940b1000 	C:\WINDOWS\System32\IMM32.DLL
0x00007ff8815d0000 - 0x00007ff8815dc000 	C:\Program Files\Android\Android Studio1\jbr\bin\vcruntime140_1.dll
0x00007ff87fb80000 - 0x00007ff87fc0d000 	C:\Program Files\Android\Android Studio1\jbr\bin\msvcp140.dll
0x00007ff805150000 - 0x00007ff805dd0000 	C:\Program Files\Android\Android Studio1\jbr\bin\server\jvm.dll
0x00007ff8947b0000 - 0x00007ff894862000 	C:\WINDOWS\System32\ADVAPI32.dll
0x00007ff894ea0000 - 0x00007ff894f48000 	C:\WINDOWS\System32\sechost.dll
0x00007ff8934d0000 - 0x00007ff8934f8000 	C:\WINDOWS\System32\bcrypt.dll
0x00007ff894cf0000 - 0x00007ff894e05000 	C:\WINDOWS\System32\RPCRT4.dll
0x00007ff887c70000 - 0x00007ff887c79000 	C:\WINDOWS\SYSTEM32\WSOCK32.dll
0x00007ff88c600000 - 0x00007ff88c634000 	C:\WINDOWS\SYSTEM32\WINMM.dll
0x00007ff88aaf0000 - 0x00007ff88aafa000 	C:\WINDOWS\SYSTEM32\VERSION.dll
0x00007ff894f80000 - 0x00007ff894ff1000 	C:\WINDOWS\System32\WS2_32.dll
0x00007ff892430000 - 0x00007ff892448000 	C:\WINDOWS\SYSTEM32\kernel.appcore.dll
0x00007ff88e480000 - 0x00007ff88e48a000 	C:\Program Files\Android\Android Studio1\jbr\bin\jimage.dll
0x00007ff890d10000 - 0x00007ff890f42000 	C:\WINDOWS\SYSTEM32\DBGHELP.DLL
0x00007ff895420000 - 0x00007ff8957a8000 	C:\WINDOWS\System32\combase.dll
0x00007ff895000000 - 0x00007ff8950d7000 	C:\WINDOWS\System32\OLEAUT32.dll
0x00007ff88b060000 - 0x00007ff88b092000 	C:\WINDOWS\SYSTEM32\dbgcore.DLL
0x00007ff893da0000 - 0x00007ff893e19000 	C:\WINDOWS\System32\bcryptPrimitives.dll
0x00007ff88a800000 - 0x00007ff88a825000 	C:\Program Files\Android\Android Studio1\jbr\bin\java.dll

dbghelp: loaded successfully - version: 4.0.5 - missing functions: none
symbol engine: initialized successfully - sym options: 0x614 - pdb path: .;C:\Program Files\Android\Android Studio1\jbr\bin;C:\WINDOWS\SYSTEM32;C:\Program Files\AVG\Antivirus;C:\WINDOWS\WinSxS\amd64_microsoft.windows.common-controls_6595b64144ccf1df_6.0.22621.3527_none_270e469b73872a76;C:\Program Files\Android\Android Studio1\jbr\bin\server

VM Arguments:
java_command: org.jetbrains.kotlin.cli.jvm.K2JVMCompiler @C:\Users\paige\Part2poe\app\build\20240530_4035564887812032300.compiler.options
java_class_path (initial): C:\Users\paige\.gradle\caches\modules-2\files-2.1\org.jetbrains.kotlin\kotlin-compiler-embeddable\1.9.22\9cd4dc7773cf2a99ecd961a88fbbc9a2da3fb5e1\kotlin-compiler-embeddable-1.9.22.jar;C:\Users\paige\.gradle\caches\modules-2\files-2.1\org.jetbrains.kotlin\kotlin-stdlib\1.9.22\d6c44cd08d8f3f9bece8101216dbe6553365c6e3\kotlin-stdlib-1.9.22.jar;C:\Users\paige\.gradle\caches\modules-2\files-2.1\org.jetbrains.kotlin\kotlin-script-runtime\1.9.22\f8139a46fc677ec9badc49ae954392f4f5e7e7c7\kotlin-script-runtime-1.9.22.jar;C:\Users\paige\.gradle\caches\modules-2\files-2.1\org.jetbrains.kotlin\kotlin-reflect\1.6.10\1cbe9c92c12a94eea200d23c2bbaedaf3daf5132\kotlin-reflect-1.6.10.jar;C:\Users\paige\.gradle\caches\modules-2\files-2.1\org.jetbrains.kotlin\kotlin-daemon-embeddable\1.9.22\20e2c5df715f3240c765cfc222530e2796542021\kotlin-daemon-embeddable-1.9.22.jar;C:\Users\paige\.gradle\caches\modules-2\files-2.1\org.jetbrains.intellij.deps\trove4j\1.0.20200330\3afb14d5f9ceb459d724e907a21145e8ff394f02\trove4j-1.0.20200330.jar;C:\Users\paige\.gradle\caches\modules-2\files-2.1\org.jetbrains\annotations\13.0\919f0dfe192fb4e063e7dacadee7f8bb9a2672a9\annotations-13.0.jar
Launcher Type: SUN_STANDARD

[Global flags]
     intx CICompilerCount                          = 4                                         {product} {ergonomic}
     uint ConcGCThreads                            = 2                                         {product} {ergonomic}
     uint G1ConcRefinementThreads                  = 8                                         {product} {ergonomic}
   size_t G1HeapRegionSize                         = 1048576                                   {product} {ergonomic}
    uintx GCDrainStackTargetSize                   = 64                                        {product} {ergonomic}
   size_t InitialHeapSize                          = 132120576                                 {product} {ergonomic}
   size_t MarkStackSize                            = 4194304                                   {product} {ergonomic}
   size_t MaxHeapSize                              = 2109734912                                {product} {ergonomic}
   size_t MinHeapDeltaBytes                        = 1048576                                   {product} {ergonomic}
   size_t MinHeapSize                              = 8388608                                   {product} {ergonomic}
    uintx NonNMethodCodeHeapSize                   = 5839372                                {pd product} {ergonomic}
    uintx NonProfiledCodeHeapSize                  = 122909434                              {pd product} {ergonomic}
    uintx ProfiledCodeHeapSize                     = 122909434                              {pd product} {ergonomic}
    uintx ReservedCodeCacheSize                    = 251658240                              {pd product} {ergonomic}
     bool SegmentedCodeCache                       = true                                      {product} {ergonomic}
   size_t SoftMaxHeapSize                          = 2109734912                             {manageable} {ergonomic}
     bool UseCompressedClassPointers               = true                           {product lp64_product} {ergonomic}
     bool UseCompressedOops                        = true                           {product lp64_product} {ergonomic}
     bool UseG1GC                                  = true                                      {product} {ergonomic}
     bool UseLargePagesIndividualAllocation        = false                                  {pd product} {ergonomic}

Logging:
Log output configuration:
 #0: stdout all=warning uptime,level,tags
 #1: stderr all=off uptime,level,tags

Environment Variables:
PATH=C:\Program Files (x86)\Embarcadero\Studio\22.0\bin;C:\Users\Public\Documents\Embarcadero\Studio\22.0\Bpl;C:\Program Files (x86)\Embarcadero\Studio\22.0\bin64;C:\Users\Public\Documents\Embarcadero\Studio\22.0\Bpl\Win64;C:\oraclexe\app\oracle\product\11.2.0\server\bin;C:\Program Files\Common Files\Oracle\Java\javapath;C:\WINDOWS\system32;C:\WINDOWS;C:\WINDOWS\System32\Wbem;C:\WINDOWS\System32\WindowsPowerShell\v1.0\;C:\WINDOWS\System32\OpenSSH\;C:\Program Files\Microsoft SQL Server\150\Tools\Binn\;C:\Program Files\Microsoft SQL Server\Client SDK\ODBC\170\Tools\Binn\;C:\Program Files (x86)\Microsoft SQL Server\160\Tools\Binn\;C:\Program Files\Microsoft SQL Server\160\Tools\Binn\;C:\Program Files\Microsoft SQL Server\160\DTS\Binn\;C:\Program Files (x86)\Microsoft SQL Server\160\DTS\Binn\;C:\Program Files\Azure Data Studio\bin;C:\mongosh-1.9.1\bin;C:\Program Files\MongoDB\Server\6.0\bin;C:\Program Files\Gitproper\cmd;C:\Program Files\dotnet\;C:\Users\paige\AppData\Local\Microsoft\WindowsApps;C:\Users\paige\AppData\Local\GitHubDesktop\bin;C:\Program Files\Azure Data Studio\bin;C:\Users\paige\.dotnet\tools
USERNAME=paige
OS=Windows_NT
PROCESSOR_IDENTIFIER=Intel64 Family 6 Model 142 Stepping 12, GenuineIntel
TMP=C:\Users\paige\AppData\Local\Temp
TEMP=C:\Users\paige\AppData\Local\Temp


JNI global refs:
JNI global refs: 0, weak refs: 0

JNI global refs memory usage: 0, weak refs: 0

OOME stack traces (most recent first):
Classloader memory used:


---------------  S Y S T E M  ---------------

OS:
 Windows 11 , 64 bit Build 22621 (10.0.22621.3527)
OS uptime: 15 days 10:32 hours

CPU: total 8 (initial active 8) (4 cores per cpu, 2 threads per core) family 6 model 142 stepping 12 microcode 0xde, cx8, cmov, fxsr, ht, mmx, 3dnowpref, sse, sse2, sse3, ssse3, sse4.1, sse4.2, popcnt, lzcnt, tsc, tscinvbit, avx, avx2, aes, erms, clmul, bmi1, bmi2, adx, fma, vzeroupper, clflush, clflushopt

Memory: 4k page, system-wide physical 8043M (384M free)
TotalPageFile size 32619M (AvailPageFile size 46M)
current process WorkingSet (physical memory assigned to process): 10M, peak: 10M
current process commit charge ("private bytes"): 60M, peak: 186M

vm_info: OpenJDK 64-Bit Server VM (17.0.7+0-b2043.56-10550314) for windows-amd64 JRE (17.0.7+0-b2043.56-10550314), built on Jul 24 2023 18:27:45 by "androidbuild" with MS VC++ 16.10 / 16.11 (VS2019)

END.
